<?xml version="1.0" encoding="UTF-8"?>
<!-- Generated by org.testng.reporters.JUnitReportReporter -->
<testsuite hostname="MTALT292" name="testcases.Trivago_TestCases" tests="1" failures="0" timestamp="13 Jan 2016 14:48:14 GMT" time="181.344" errors="0">
  <testcase name="TC_ViewDeal" time="181.344" classname="testcases.Trivago_TestCases"/>
</testsuite> <!-- testcases.Trivago_TestCases -->
